0 info it worked if it ends with ok
1 verbose cli [ 'C:\\Program Files\\nodejs\\node.exe',
1 verbose cli   'C:\\Program Files\\nodejs\\node_modules\\npm\\bin\\npm-cli.js',
1 verbose cli   'run',
1 verbose cli   'dev' ]
2 info using npm@4.1.2
3 info using node@v7.7.4
4 verbose run-script [ 'predev', 'dev', 'postdev' ]
5 info lifecycle unbrella@1.0.0~predev: unbrella@1.0.0
6 silly lifecycle unbrella@1.0.0~predev: no script for predev, continuing
7 info lifecycle unbrella@1.0.0~dev: unbrella@1.0.0
8 verbose lifecycle unbrella@1.0.0~dev: unsafe-perm in lifecycle true
9 verbose lifecycle unbrella@1.0.0~dev: PATH: C:\Program Files\nodejs\node_modules\npm\bin\node-gyp-bin;F:\node\umbrella_test\umbrella_test\public\node_modules\.bin;C:\ProgramData\Oracle\Java\javapath;C:\Program Files (x86)\Intel\iCLS Client\;C:\Program Files\Intel\iCLS Client\;C:\Windows\system32;C:\Windows;C:\Windows\System32\Wbem;C:\Windows\System32\WindowsPowerShell\v1.0\;C:\Program Files\Intel\Intel(R) Management Engine Components\DAL;C:\Program Files\Intel\Intel(R) Management Engine Components\IPT;C:\Program Files (x86)\Intel\Intel(R) Management Engine Components\DAL;C:\Program Files (x86)\Intel\Intel(R) Management Engine Components\IPT;C:\Program Files (x86)\Windows Kits\10\Windows Performance Toolkit\;C:\Program Files\EmEditor;F:\установка\веб\Brackets 1.5\command,F:\установка\puthon,F:\установка\puthon\Scripts;C:\Program Files (x86)\Common Files\Acronis\SnapAPI\;C:\Program Files (x86)\Common Files\Acronis\VirtualFile\;C:\Program Files (x86)\Common Files\Acronis\VirtualFile64\;C:\Program Files (x86)\NVIDIA Corporation\PhysX\Common;C:\phantomjs;F:\golang\files\bin;F:\установка\веб\Brackets 1.8\command;C:\Program Files\Redis\;C:\Program Files\Git\bin;C:\Program Files\Git\cmdcommand;C:\Program Files\Redis\;C:\Program Files (x86)\Skype\Phone\;C:\Program Files\nodejs;C:\Program Files (x86)\pgAdmin III\1.22\;C:\Users\Администратор\AppData\Local\.meteor\;C:\Users\Администратор\AppData\Local\atom\bin;F:\установка\веб\Microsoft VS Code\bin;C:\Users\Администратор\AppData\Roaming\npm;C:\Python27;;F:\установка\веб\Docker Toolbox
10 verbose lifecycle unbrella@1.0.0~dev: CWD: F:\node\umbrella_test\umbrella_test\public
11 silly lifecycle unbrella@1.0.0~dev: Args: [ '/d /s /c', 'node build/dev-server.js' ]
12 silly lifecycle unbrella@1.0.0~dev: Returned: code: 3221225786  signal: null
13 info lifecycle unbrella@1.0.0~dev: Failed to exec dev script
14 verbose stack Error: unbrella@1.0.0 dev: `node build/dev-server.js`
14 verbose stack Exit status 3221225786
14 verbose stack     at EventEmitter.<anonymous> (C:\Program Files\nodejs\node_modules\npm\lib\utils\lifecycle.js:279:16)
14 verbose stack     at emitTwo (events.js:106:13)
14 verbose stack     at EventEmitter.emit (events.js:194:7)
14 verbose stack     at ChildProcess.<anonymous> (C:\Program Files\nodejs\node_modules\npm\lib\utils\spawn.js:40:14)
14 verbose stack     at emitTwo (events.js:106:13)
14 verbose stack     at ChildProcess.emit (events.js:194:7)
14 verbose stack     at maybeClose (internal/child_process.js:899:16)
14 verbose stack     at Process.ChildProcess._handle.onexit (internal/child_process.js:226:5)
15 verbose pkgid unbrella@1.0.0
16 verbose cwd F:\node\umbrella_test\umbrella_test\public
17 error Windows_NT 6.3.9600
18 error argv "C:\\Program Files\\nodejs\\node.exe" "C:\\Program Files\\nodejs\\node_modules\\npm\\bin\\npm-cli.js" "run" "dev"
19 error node v7.7.4
20 error npm  v4.1.2
21 error code ELIFECYCLE
22 error unbrella@1.0.0 dev: `node build/dev-server.js`
22 error Exit status 3221225786
23 error Failed at the unbrella@1.0.0 dev script 'node build/dev-server.js'.
23 error Make sure you have the latest version of node.js and npm installed.
23 error If you do, this is most likely a problem with the unbrella package,
23 error not with npm itself.
23 error Tell the author that this fails on your system:
23 error     node build/dev-server.js
23 error You can get information on how to open an issue for this project with:
23 error     npm bugs unbrella
23 error Or if that isn't available, you can get their info via:
23 error     npm owner ls unbrella
23 error There is likely additional logging output above.
24 verbose exit [ 1, true ]
